mdr-pdt - Multifactor Dimensionality Reduction - Pedigree Disequilibrium Test: 1.0 (0)
Vanderbilt University
Center for Human Genetics Research
Marylyn Ritchie (ritchie@chgr.mc.vanderbilt.edu) & Eric Torstenson (torstenson@chgr.mc.vanderbilt.edu)

Configuration:
                                Data Source: [ExamplePedigree.ped]
                            Input File Type: Pedigree Format
                                             * Trios were expanded to valid
                                               DSPs where parental data was present
                    Value Denoting Affected: 2
                  Value Denoting Unaffected: 1
                     Total Individuals Seen: 600
   Total individuals to be used in analysis: 800
                            Affected Individuals: 400
                          Unaffected Individuals: 400
              Number of SNPS per individual: 10
                                Results Log: Standard Out
                           Distribution Log: ExamplePedigree.ped.1.pdist
                               Pedigree Log: ExamplePedigree.ped.1.pedigree
                                 Model Size: 1-2
                             Risk Assesment: Based on each model's local threshold
                             Analysis Style: Pedigree Analysis using PDT statistic
  Searching


Model Details
	Model ID: 1            
	Total Affected: 400(100.000%)       Total Unaffected: 400(100.000%)
          Genotype 
                1       Affected  Unaffected       Total       Ratio
               1/1            84         104         188      0.8077
               1/2 *         226         184         410      1.2283
               2/2            90         112         202      0.8036
		*Indicates models that are determined to be High Risk

		 Heterozygote alleles are not necessarily ordered the
		 same as they were found in the original data


Classification Details:
                     Correctly       Incorrectly
                    Classified        Classified
    Affected   226 ('High-Risk')   174 ('Low-Risk') 
  Unaffected   216 ('Low-Risk')    184 ('High-Risk')
              55.2500%            44.7500%         of 800


Matched Odds Ratio: 
                       Unaffected
     Affected      Exposed    Unexposed      (Total)
      Exposed          132           94          226
    Unexposed           52          122          174
      (Total)          184          216          400
Matched Odds Ratio:        1.8077
Summary: 
  Model ID: 1
                 Sum(D): 42
               Sum(D*D): 212
            T-Statistic: 2.8846


Model Details
	Model ID: 5x10            
	Total Affected: 400(100.000%)       Total Unaffected: 400(100.000%)
          Genotype 
           5   10       Affected  Unaffected       Total       Ratio
         1/1   1/1             0          32          32      0.0000
         1/1   1/2 *          91          52         143      1.7500
         1/1   2/2             0          20          20      0.0000
         1/2   1/1 *          98          44         142      2.2273
         1/2   1/2             0          68          68      0.0000
         1/2   2/2 *          98          54         152      1.8148
         2/2   1/1             0          46          46      0.0000
         2/2   1/2 *         113          60         173      1.8833
         2/2   2/2             0          24          24      0.0000
		*Indicates models that are determined to be High Risk

		 Heterozygote alleles are not necessarily ordered the
		 same as they were found in the original data


Classification Details:
                     Correctly       Incorrectly
                    Classified        Classified
    Affected   400 ('High-Risk')     0 ('Low-Risk') 
  Unaffected   190 ('Low-Risk')    210 ('High-Risk')
              73.7500%            26.2500%         of 800


Matched Odds Ratio: 
                       Unaffected
     Affected      Exposed    Unexposed      (Total)
      Exposed          210          190          400
    Unexposed            0            0            0
      (Total)          210          190          400
Matched Odds Ratio:           inf
Summary: 
  Model ID: 5x10
                 Sum(D): 190
               Sum(D*D): 380
            T-Statistic: 9.7468


Pedigree Search of 55 : 55 completed in 0.0800 seconds


Performing 1000 Permutation Tests:
Test #  Load Time (s)             Execution Time(s)    Models Seen
     0          0.00022                         0.060             55
     1          0.00022                         0.080             55
     2          0.00022                         0.060             55
     3          0.00022                         0.050             55
     4          0.00022                         0.060             55
     5          0.00022                         0.060             55
     6          0.00022                         0.060             55
     7          0.01022                         0.070             55
     8          0.00022                         0.070             55
     9          0.00022                         0.070             55
    10          0.00022                         0.050             55
    11          0.01022                         0.050             55
    12          0.01022                         0.060             55
    13          0.00022                         0.060             55
    14          0.00022                         0.070             55
    15          0.01022                         0.080             55
    16          0.00022                         0.070             55
    17          0.00022                         0.060             55
    18          0.00022                         0.080             55
    19          0.00022                         0.080             55
    20          0.00022                         0.090             55
    21          0.01022                         0.060             55
    22          0.01022                         0.060             55
    23          0.00022                         0.070             55
    24          0.00022                         0.060             55
    25          0.00022                         0.050             55
    26          0.01022                         0.050             55
    27          0.00022                         0.070             55
    28          0.00022                         0.070             55
    29          0.00022                         0.070             55
    30          0.00022                         0.060             55
    31          0.01022                         0.070             55
    32          0.00022                         0.070             55
    33          0.00022                         0.090             55
    34          0.00022                         0.050             55
    35          0.01022                         0.050             55
    36          0.00022                         0.060             55
    37          0.00022                         0.070             55
    38          0.00022                         0.090             55
    39          0.00022                         0.070             55
    40          0.00022                         0.070             55
    41          0.00022                         0.050             55
    42          0.00022                         0.080             55
    43          0.00022                         0.080             55
    44          0.00022                         0.070             55
    45          0.00022                         0.070             55
    46          0.00022                         0.080             55
    47          0.00022                         0.070             55
    48          0.00022                         0.060             55
    49          0.00022                         0.070             55
    50          0.00022                         0.060             55
    51          0.00022                         0.070             55
    52          0.00022                         0.070             55
    53          0.00022                         0.080             55
    54          0.01022                         0.060             55
    55          0.00022                         0.050             55
    56          0.00022                         0.050             55
    57          0.00022                         0.080             55
    58          0.00022                         0.090             55
    59          0.00022                         0.080             55
    60          0.00022                         0.090             55
    61          0.00022                         0.060             55
    62          0.01022                         0.060             55
    63          0.00022                         0.080             55
    64          0.00022                         0.080             55
    65          0.00022                         0.080             55
    66          0.00022                         0.060             55
    67          0.00022                         0.060             55
    68          0.00022                         0.050             55
    69          0.00022                         0.050             55
    70          0.01022                         0.040             55
    71          0.00022                         0.040             55
    72          0.00022                         0.040             55
    73          0.01022                         0.040             55
    74          0.00022                         0.040             55
    75          0.01022                         0.050             55
    76          0.00022                         0.040             55
    77          0.00022                         0.050             55
    78          0.00022                         0.070             55
    79          0.00022                         0.060             55
    80          0.01022                         0.050             55
    81          0.00022                         0.060             55
    82          0.00022                         0.060             55
    83          0.01022                         0.060             55
    84          0.00022                         0.060             55
    85          0.00022                         0.070             55
    86          0.00022                         0.080             55
    87          0.00022                         0.050             55
    88          0.00022                         0.060             55
    89          0.00022                         0.050             55
    90          0.01022                         0.070             55
    91          0.00022                         0.050             55
    92          0.01022                         0.060             55
    93          0.00022                         0.060             55
    94          0.01022                         0.100             55
    95          0.00022                         0.060             55
    96          0.01022                         0.060             55
    97          0.00022                         0.060             55
    98          0.00022                         0.070             55
    99          0.00022                         0.080             55
   100          0.00022                         0.060             55
   101          0.00022                         0.050             55
   102          0.00022                         0.090             55
   103          0.00022                         0.080             55
   104          0.01022                         0.060             55
   105          0.00022                         0.050             55
   106          0.00022                         0.050             55
   107          0.00022                         0.060             55
   108          0.00022                         0.060             55
   109          0.00022                         0.060             55
   110          0.00022                         0.050             55
   111          0.00022                         0.060             55
   112          0.01022                         0.040             55
   113          0.00022                         0.050             55
   114          0.00022                         0.050             55
   115          0.00022                         0.040             55
   116          0.00022                         0.070             55
   117          0.00022                         0.040             55
   118          0.00022                         0.050             55
   119          0.00022                         0.060             55
   120          0.00022                         0.040             55
   121          0.00022                         0.050             55
   122          0.00022                         0.040             55
   123          0.00022                         0.050             55
   124          0.00022                         0.060             55
   125          0.00022                         0.050             55
   126          0.00022                         0.040             55
   127          0.00022                         0.060             55
   128          0.00022                         0.060             55
   129          0.00022                         0.060             55
   130          0.00022                         0.070             55
   131          0.00022                         0.050             55
   132          0.00022                         0.040             55
   133          0.00022                         0.050             55
   134          0.00022                         0.040             55
   135          0.00022                         0.030             55
   136          0.00022                         0.040             55
   137          0.00022                         0.040             55
   138          0.00022                         0.040             55
   139          0.01022                         0.040             55
   140          0.00022                         0.050             55
   141          0.00022                         0.070             55
   142          0.00022                         0.060             55
   143          0.01022                         0.040             55
   144          0.01022                         0.050             55
   145          0.00022                         0.050             55
   146          0.00022                         0.050             55
   147          0.00022                         0.060             55
   148          0.00022                         0.040             55
   149          0.01022                         0.050             55
   150          0.00022                         0.060             55
   151          0.00022                         0.040             55
   152          0.00022                         0.050             55
   153          0.00022                         0.070             55
   154          0.00022                         0.060             55
   155          0.00022                         0.080             55
   156          0.00022                         0.070             55
   157          0.00022                         0.080             55
   158          0.00022                         0.050             55
   159          0.00022                         0.050             55
   160          0.00022                         0.040             55
   161          0.00022                         0.050             55
   162          0.00022                         0.050             55
   163          0.00022                         0.050             55
   164          0.00022                         0.040             55
   165          0.00022                         0.040             55
   166          0.00022                         0.060             55
   167          0.00022                         0.040             55
   168          0.00022                         0.040             55
   169          0.00022                         0.060             55
   170          0.01022                         0.050             55
   171          0.01022                         0.050             55
   172          0.00022                         0.060             55
   173          0.00022                         0.060             55
   174          0.00022                         0.070             55
   175          0.00022                         0.080             55
   176          0.00022                         0.050             55
   177          0.00022                         0.040             55
   178          0.00022                         0.070             55
   179          0.00022                         0.050             55
   180          0.00022                         0.060             55
   181          0.00022                         0.060             55
   182          0.00022                         0.050             55
   183          0.00022                         0.050             55
   184          0.00022                         0.070             55
   185          0.00022                         0.050             55
   186          0.00022                         0.080             55
   187          0.00022                         0.080             55
   188          0.00022                         0.080             55
   189          0.00022                         0.070             55
   190          0.00022                         0.060             55
   191          0.00022                         0.050             55
   192          0.00022                         0.050             55
   193          0.01022                         0.060             55
   194          0.00022                         0.070             55
   195          0.00022                         0.060             55
   196          0.00022                         0.060             55
   197          0.00022                         0.060             55
   198          0.00022                         0.060             55
   199          0.00022                         0.060             55
   200          0.00022                         0.070             55
   201          0.01022                         0.060             55
   202          0.00022                         0.080             55
   203          0.00022                         0.070             55
   204          0.00022                         0.080             55
   205          0.00022                         0.070             55
   206          0.01022                         0.080             55
   207          0.00022                         0.080             55
   208          0.01022                         0.070             55
   209          0.00022                         0.080             55
   210          0.00022                         0.080             55
   211          0.00022                         0.060             55
   212          0.00022                         0.070             55
   213          0.00022                         0.050             55
   214          0.00022                         0.070             55
   215          0.00022                         0.060             55
   216          0.00022                         0.050             55
   217          0.00022                         0.070             55
   218          0.01022                         0.050             55
   219          0.00022                         0.070             55
   220          0.00022                         0.060             55
   221          0.00022                         0.060             55
   222          0.00022                         0.060             55
   223          0.01022                         0.050             55
   224          0.00022                         0.070             55
   225          0.00022                         0.090             55
   226          0.00022                         0.090             55
   227          0.01022                         0.070             55
   228          0.00022                         0.070             55
   229          0.00022                         0.080             55
   230          0.00022                         0.070             55
   231          0.01022                         0.050             55
   232          0.01022                         0.040             55
   233          0.01022                         0.070             55
   234          0.00022                         0.050             55
   235          0.00022                         0.070             55
   236          0.00022                         0.060             55
   237          0.00022                         0.060             55
   238          0.00022                         0.060             55
   239          0.00022                         0.060             55
   240          0.00022                         0.050             55
   241          0.00022                         0.070             55
   242          0.00022                         0.060             55
   243          0.00022                         0.080             55
   244          0.00022                         0.090             55
   245          0.00022                         0.060             55
   246          0.00022                         0.060             55
   247          0.01022                         0.060             55
   248          0.00022                         0.070             55
   249          0.00022                         0.070             55
   250          0.00022                         0.060             55
   251          0.00022                         0.070             55
   252          0.00022                         0.070             55
   253          0.00022                         0.050             55
   254          0.00022                         0.050             55
   255          0.01022                         0.070             55
   256          0.00022                         0.060             55
   257          0.00022                         0.090             55
   258          0.00022                         0.070             55
   259          0.01022                         0.060             55
   260          0.00022                         0.050             55
   261          0.00022                         0.050             55
   262          0.00022                         0.050             55
   263          0.01022                         0.050             55
   264          0.00022                         0.050             55
   265          0.00022                         0.050             55
   266          0.00022                         0.070             55
   267          0.00022                         0.090             55
   268          0.00022                         0.060             55
   269          0.01022                         0.060             55
   270          0.00022                         0.060             55
   271          0.00022                         0.070             55
   272          0.00022                         0.060             55
   273          0.00022                         0.060             55
   274          0.00022                         0.070             55
   275          0.00022                         0.060             55
   276          0.01022                         0.060             55
   277          0.00022                         0.060             55
   278          0.00022                         0.050             55
   279          0.01022                         0.060             55
   280          0.00022                         0.060             55
   281          0.00022                         0.050             55
   282          0.00022                         0.050             55
   283          0.00022                         0.050             55
   284          0.00022                         0.060             55
   285          0.01022                         0.050             55
   286          0.01022                         0.060             55
   287          0.01022                         0.060             55
   288          0.00022                         0.070             55
   289          0.00022                         0.060             55
   290          0.01022                         0.070             55
   291          0.01022                         0.070             55
   292          0.00022                         0.060             55
   293          0.00022                         0.100             55
   294          0.00022                         0.070             55
   295          0.00022                         0.050             55
   296          0.01022                         0.060             55
   297          0.01022                         0.070             55
   298          0.01022                         0.050             55
   299          0.00022                         0.060             55
   300          0.00022                         0.050             55
   301          0.00022                         0.050             55
   302          0.01022                         0.060             55
   303          0.00022                         0.040             55
   304          0.00022                         0.060             55
   305          0.00022                         0.050             55
   306          0.00022                         0.070             55
   307          0.00022                         0.040             55
   308          0.00022                         0.050             55
   309          0.00022                         0.070             55
   310          0.00022                         0.060             55
   311          0.00022                         0.070             55
   312          0.00022                         0.060             55
   313          0.00022                         0.050             55
   314          0.00022                         0.070             55
   315          0.00022                         0.070             55
   316          0.00022                         0.060             55
   317          0.00022                         0.060             55
   318          0.00022                         0.050             55
   319          0.00022                         0.050             55
   320          0.00022                         0.050             55
   321          0.00022                         0.070             55
   322          0.00022                         0.050             55
   323          0.00022                         0.040             55
   324          0.00022                         0.050             55
   325          0.00022                         0.060             55
   326          0.00022                         0.060             55
   327          0.00022                         0.070             55
   328          0.00022                         0.080             55
   329          0.00022                         0.060             55
   330          0.00022                         0.060             55
   331          0.00022                         0.050             55
   332          0.01022                         0.050             55
   333          0.00022                         0.070             55
   334          0.00022                         0.070             55
   335          0.00022                         0.060             55
   336          0.00022                         0.050             55
   337          0.01022                         0.040             55
   338          0.00022                         0.060             55
   339          0.00022                         0.040             55
   340          0.00022                         0.060             55
   341          0.00022                         0.080             55
   342          0.00022                         0.070             55
   343          0.00022                         0.050             55
   344          0.00022                         0.060             55
   345          0.00022                         0.050             55
   346          0.00022                         0.060             55
   347          0.00022                         0.050             55
   348          0.00022                         0.070             55
   349          0.00022                         0.050             55
   350          0.00022                         0.060             55
   351          0.00022                         0.060             55
   352          0.01022                         0.050             55
   353          0.01022                         0.050             55
   354          0.00022                         0.060             55
   355          0.00022                         0.040             55
   356          0.01022                         0.070             55
   357          0.00022                         0.050             55
   358          0.01022                         0.050             55
   359          0.00022                         0.050             55
   360          0.00022                         0.040             55
   361          0.00022                         0.050             55
   362          0.00022                         0.040             55
   363          0.01022                         0.040             55
   364          0.00022                         0.040             55
   365          0.00022                         0.040             55
   366          0.00022                         0.050             55
   367          0.00022                         0.060             55
   368          0.00022                         0.070             55
   369          0.00022                         0.060             55
   370          0.00022                         0.040             55
   371          0.01022                         0.040             55
   372          0.00022                         0.040             55
   373          0.00022                         0.050             55
   374          0.00022                         0.040             55
   375          0.00022                         0.060             55
   376          0.00022                         0.040             55
   377          0.01022                         0.060             55
   378          0.00022                         0.050             55
   379          0.00022                         0.040             55
   380          0.00022                         0.050             55
   381          0.01022                         0.040             55
   382          0.00022                         0.040             55
   383          0.00022                         0.050             55
   384          0.00022                         0.040             55
   385          0.01022                         0.040             55
   386          0.00022                         0.040             55
   387          0.00022                         0.040             55
   388          0.00022                         0.040             55
   389          0.01022                         0.060             55
   390          0.00022                         0.040             55
   391          0.00022                         0.050             55
   392          0.00022                         0.050             55
   393          0.00022                         0.050             55
   394          0.01022                         0.040             55
   395          0.00022                         0.070             55
   396          0.00022                         0.050             55
   397          0.00022                         0.050             55
   398          0.00022                         0.070             55
   399          0.00022                         0.040             55
   400          0.00022                         0.040             55
   401          0.00022                         0.050             55
   402          0.00022                         0.060             55
   403          0.00022                         0.050             55
   404          0.00022                         0.040             55
   405          0.00022                         0.050             55
   406          0.01022                         0.050             55
   407          0.00022                         0.030             55
   408          0.01022                         0.040             55
   409          0.00022                         0.040             55
   410          0.00022                         0.030             55
   411          0.01022                         0.040             55
   412          0.00022                         0.060             55
   413          0.00022                         0.060             55
   414          0.01022                         0.040             55
   415          0.00022                         0.050             55
   416          0.00022                         0.040             55
   417          0.00022                         0.050             55
   418          0.00022                         0.050             55
   419          0.00022                         0.060             55
   420          0.00022                         0.050             55
   421          0.00022                         0.040             55
   422          0.00022                         0.050             55
   423          0.00022                         0.050             55
   424          0.00022                         0.060             55
   425          0.00022                         0.060             55
   426          0.00022                         0.050             55
   427          0.00022                         0.060             55
   428          0.00022                         0.040             55
   429          0.00022                         0.040             55
   430          0.00022                         0.050             55
   431          0.00022                         0.040             55
   432          0.00022                         0.050             55
   433          0.00022                         0.040             55
   434          0.00022                         0.070             55
   435          0.01022                         0.060             55
   436          0.00022                         0.060             55
   437          0.01022                         0.030             55
   438          0.00022                         0.040             55
   439          0.01022                         0.040             55
   440          0.00022                         0.040             55
   441          0.01022                         0.040             55
   442          0.00022                         0.030             55
   443          0.00022                         0.050             55
   444          0.01022                         0.040             55
   445          0.00022                         0.040             55
   446          0.01022                         0.040             55
   447          0.00022                         0.040             55
   448          0.01022                         0.030             55
   449          0.00022                         0.040             55
   450          0.00022                         0.040             55
   451          0.01022                         0.030             55
   452          0.00022                         0.040             55
   453          0.00022                         0.030             55
   454          0.00022                         0.030             55
   455          0.00022                         0.050             55
   456          0.00022                         0.050             55
   457          0.01022                         0.050             55
   458          0.00022                         0.060             55
   459          0.00022                         0.060             55
   460          0.00022                         0.040             55
   461          0.00022                         0.050             55
   462          0.00022                         0.040             55
   463          0.00022                         0.050             55
   464          0.00022                         0.040             55
   465          0.01022                         0.050             55
   466          0.00022                         0.060             55
   467          0.00022                         0.060             55
   468          0.00022                         0.040             55
   469          0.00022                         0.050             55
   470          0.00022                         0.050             55
   471          0.00022                         0.050             55
   472          0.00022                         0.040             55
   473          0.00022                         0.040             55
   474          0.00022                         0.040             55
   475          0.01022                         0.040             55
   476          0.00022                         0.050             55
   477          0.00022                         0.050             55
   478          0.00022                         0.050             55
   479          0.00022                         0.070             55
   480          0.00022                         0.070             55
   481          0.00022                         0.090             55
   482          0.00022                         0.060             55
   483          0.00022                         0.060             55
   484          0.00022                         0.050             55
   485          0.00022                         0.070             55
   486          0.00022                         0.060             55
   487          0.00022                         0.060             55
   488          0.00022                         0.050             55
   489          0.01022                         0.030             55
   490          0.00022                         0.050             55
   491          0.00022                         0.050             55
   492          0.00022                         0.050             55
   493          0.00022                         0.040             55
   494          0.00022                         0.050             55
   495          0.00022                         0.050             55
   496          0.00022                         0.040             55
   497          0.00022                         0.040             55
   498          0.00022                         0.040             55
   499          0.00022                         0.050             55
   500          0.01022                         0.060             55
   501          0.00022                         0.060             55
   502          0.00022                         0.060             55
   503          0.00022                         0.060             55
   504          0.00022                         0.070             55
   505          0.00022                         0.040             55
   506          0.00022                         0.040             55
   507          0.01022                         0.060             55
   508          0.00022                         0.050             55
   509          0.00022                         0.050             55
   510          0.00022                         0.040             55
   511          0.00022                         0.040             55
   512          0.00022                         0.050             55
   513          0.00022                         0.040             55
   514          0.00022                         0.040             55
   515          0.01022                         0.040             55
   516          0.00022                         0.040             55
   517          0.00022                         0.030             55
   518          0.01022                         0.040             55
   519          0.00022                         0.040             55
   520          0.00022                         0.030             55
   521          0.00022                         0.030             55
   522          0.00022                         0.040             55
   523          0.00022                         0.040             55
   524          0.00022                         0.040             55
   525          0.00022                         0.040             55
   526          0.00022                         0.050             55
   527          0.01022                         0.050             55
   528          0.00022                         0.070             55
   529          0.00022                         0.050             55
   530          0.00022                         0.050             55
   531          0.00022                         0.040             55
   532          0.00022                         0.050             55
   533          0.00022                         0.040             55
   534          0.00022                         0.040             55
   535          0.00022                         0.040             55
   536          0.00022                         0.060             55
   537          0.00022                         0.050             55
   538          0.00022                         0.070             55
   539          0.00022                         0.050             55
   540          0.01022                         0.050             55
   541          0.00022                         0.050             55
   542          0.00022                         0.040             55
   543          0.00022                         0.060             55
   544          0.00022                         0.030             55
   545          0.01022                         0.040             55
   546          0.00022                         0.040             55
   547          0.00022                         0.050             55
   548          0.01022                         0.030             55
   549          0.00022                         0.040             55
   550          0.00022                         0.040             55
   551          0.01022                         0.030             55
   552          0.01022                         0.040             55
   553          0.00022                         0.040             55
   554          0.00022                         0.040             55
   555          0.00022                         0.040             55
   556          0.01022                         0.060             55
   557          0.00022                         0.050             55
   558          0.00022                         0.070             55
   559          0.00022                         0.060             55
   560          0.00022                         0.050             55
   561          0.00022                         0.070             55
   562          0.00022                         0.050             55
   563          0.00022                         0.060             55
   564          0.00022                         0.050             55
   565          0.00022                         0.040             55
   566          0.00022                         0.050             55
   567          0.00022                         0.040             55
   568          0.00022                         0.040             55
   569          0.00022                         0.040             55
   570          0.00022                         0.040             55
   571          0.01022                         0.050             55
   572          0.00022                         0.050             55
   573          0.00022                         0.040             55
   574          0.01022                         0.030             55
   575          0.00022                         0.040             55
   576          0.01022                         0.050             55
   577          0.00022                         0.050             55
   578          0.00022                         0.050             55
   579          0.00022                         0.040             55
   580          0.01022                         0.050             55
   581          0.00022                         0.050             55
   582          0.00022                         0.060             55
   583          0.00022                         0.040             55
   584          0.00022                         0.070             55
   585          0.00022                         0.040             55
   586          0.00022                         0.050             55
   587          0.00022                         0.040             55
   588          0.00022                         0.040             55
   589          0.00022                         0.030             55
   590          0.01022                         0.030             55
   591          0.00022                         0.040             55
   592          0.00022                         0.040             55
   593          0.00022                         0.030             55
   594          0.01022                         0.030             55
   595          0.01022                         0.030             55
   596          0.00022                         0.030             55
   597          0.00022                         0.050             55
   598          0.00022                         0.050             55
   599          0.00022                         0.050             55
   600          0.00022                         0.050             55
   601          0.00022                         0.050             55
   602          0.00022                         0.050             55
   603          0.00022                         0.060             55
   604          0.00022                         0.060             55
   605          0.00022                         0.050             55
   606          0.01022                         0.050             55
   607          0.01022                         0.060             55
   608          0.00022                         0.040             55
   609          0.00022                         0.040             55
   610          0.00022                         0.040             55
   611          0.00022                         0.050             55
   612          0.00022                         0.040             55
   613          0.00022                         0.040             55
   614          0.00022                         0.030             55
   615          0.01022                         0.030             55
   616          0.00022                         0.040             55
   617          0.00022                         0.040             55
   618          0.00022                         0.050             55
   619          0.00022                         0.050             55
   620          0.00022                         0.040             55
   621          0.00022                         0.060             55
   622          0.00022                         0.050             55
   623          0.00022                         0.050             55
   624          0.00022                         0.040             55
   625          0.00022                         0.050             55
   626          0.00022                         0.050             55
   627          0.00022                         0.070             55
   628          0.00022                         0.050             55
   629          0.00022                         0.050             55
   630          0.00022                         0.060             55
   631          0.01022                         0.040             55
   632          0.00022                         0.050             55
   633          0.00022                         0.030             55
   634          0.01022                         0.040             55
   635          0.00022                         0.050             55
   636          0.00022                         0.060             55
   637          0.01022                         0.030             55
   638          0.01022                         0.050             55
   639          0.00022                         0.050             55
   640          0.00022                         0.040             55
   641          0.00022                         0.060             55
   642          0.01022                         0.060             55
   643          0.00022                         0.050             55
   644          0.00022                         0.040             55
   645          0.00022                         0.060             55
   646          0.00022                         0.040             55
   647          0.01022                         0.060             55
   648          0.00022                         0.050             55
   649          0.00022                         0.070             55
   650          0.00022                         0.050             55
   651          0.00022                         0.060             55
   652          0.00022                         0.050             55
   653          0.00022                         0.030             55
   654          0.01022                         0.040             55
   655          0.00022                         0.030             55
   656          0.01022                         0.060             55
   657          0.00022                         0.040             55
   658          0.00022                         0.040             55
   659          0.00022                         0.040             55
   660          0.00022                         0.050             55
   661          0.00022                         0.050             55
   662          0.01022                         0.050             55
   663          0.00022                         0.050             55
   664          0.00022                         0.060             55
   665          0.00022                         0.040             55
   666          0.01022                         0.050             55
   667          0.00022                         0.060             55
   668          0.00022                         0.070             55
   669          0.01022                         0.050             55
   670          0.00022                         0.040             55
   671          0.01022                         0.040             55
   672          0.01022                         0.040             55
   673          0.00022                         0.060             55
   674          0.00022                         0.050             55
   675          0.00022                         0.040             55
   676          0.01022                         0.060             55
   677          0.00022                         0.050             55
   678          0.00022                         0.040             55
   679          0.00022                         0.050             55
   680          0.01022                         0.040             55
   681          0.00022                         0.050             55
   682          0.00022                         0.060             55
   683          0.00022                         0.050             55
   684          0.00022                         0.070             55
   685          0.00022                         0.040             55
   686          0.00022                         0.050             55
   687          0.01022                         0.060             55
   688          0.00022                         0.050             55
   689          0.01022                         0.040             55
   690          0.01022                         0.050             55
   691          0.00022                         0.060             55
   692          0.00022                         0.040             55
   693          0.00022                         0.050             55
   694          0.00022                         0.040             55
   695          0.00022                         0.050             55
   696          0.00022                         0.050             55
   697          0.00022                         0.040             55
   698          0.00022                         0.050             55
   699          0.00022                         0.040             55
   700          0.00022                         0.040             55
   701          0.00022                         0.040             55
   702          0.01022                         0.040             55
   703          0.00022                         0.040             55
   704          0.00022                         0.060             55
   705          0.00022                         0.060             55
   706          0.00022                         0.110             55
   707          0.00022                         0.080             55
   708          0.00022                         0.060             55
   709          0.00022                         0.040             55
   710          0.00022                         0.070             55
   711          0.00022                         0.060             55
   712          0.00022                         0.050             55
   713          0.00022                         0.080             55
   714          0.00022                         0.080             55
   715          0.00022                         0.050             55
   716          0.00022                         0.060             55
   717          0.00022                         0.050             55
   718          0.00022                         0.050             55
   719          0.00022                         0.040             55
   720          0.01022                         0.040             55
   721          0.00022                         0.070             55
   722          0.00022                         0.040             55
   723          0.00022                         0.080             55
   724          0.00022                         0.050             55
   725          0.00022                         0.070             55
   726          0.00022                         0.070             55
   727          0.01022                         0.060             55
   728          0.00022                         0.060             55
   729          0.00022                         0.070             55
   730          0.00022                         0.050             55
   731          0.00022                         0.050             55
   732          0.00022                         0.050             55
   733          0.00022                         0.040             55
   734          0.00022                         0.060             55
   735          0.00022                         0.050             55
   736          0.00022                         0.050             55
   737          0.01022                         0.030             55
   738          0.01022                         0.060             55
   739          0.00022                         0.040             55
   740          0.00022                         0.060             55
   741          0.00022                         0.040             55
   742          0.01022                         0.040             55
   743          0.00022                         0.030             55
   744          0.00022                         0.060             55
   745          0.00022                         0.030             55
   746          0.01022                         0.040             55
   747          0.00022                         0.040             55
   748          0.00022                         0.040             55
   749          0.01022                         0.030             55
   750          0.01022                         0.050             55
   751          0.00022                         0.060             55
   752          0.00022                         0.050             55
   753          0.00022                         0.050             55
   754          0.00022                         0.080             55
   755          0.00022                         0.080             55
   756          0.00022                         0.080             55
   757          0.00022                         0.040             55
   758          0.00022                         0.030             55
   759          0.00022                         0.050             55
   760          0.00022                         0.080             55
   761          0.00022                         0.060             55
   762          0.00022                         0.050             55
   763          0.00022                         0.050             55
   764          0.00022                         0.060             55
   765          0.00022                         0.050             55
   766          0.00022                         0.080             55
   767          0.00022                         0.070             55
   768          0.00022                         0.090             55
   769          0.01022                         0.040             55
   770          0.00022                         0.060             55
   771          0.00022                         0.060             55
   772          0.00022                         0.070             55
   773          0.00022                         0.060             55
   774          0.00022                         0.050             55
   775          0.01022                         0.050             55
   776          0.00022                         0.070             55
   777          0.00022                         0.030             55
   778          0.00022                         0.060             55
   779          0.00022                         0.050             55
   780          0.00022                         0.050             55
   781          0.00022                         0.040             55
   782          0.01022                         0.050             55
   783          0.00022                         0.070             55
   784          0.00022                         0.050             55
   785          0.00022                         0.040             55
   786          0.00022                         0.040             55
   787          0.01022                         0.060             55
   788          0.00022                         0.040             55
   789          0.00022                         0.030             55
   790          0.00022                         0.050             55
   791          0.00022                         0.030             55
   792          0.00022                         0.050             55
   793          0.01022                         0.040             55
   794          0.00022                         0.060             55
   795          0.00022                         0.050             55
   796          0.00022                         0.050             55
   797          0.00022                         0.030             55
   798          0.00022                         0.060             55
   799          0.00022                         0.030             55
   800          0.01022                         0.030             55
   801          0.01022                         0.040             55
   802          0.00022                         0.050             55
   803          0.00022                         0.080             55
   804          0.00022                         0.040             55
   805          0.00022                         0.060             55
   806          0.00022                         0.050             55
   807          0.00022                         0.050             55
   808          0.00022                         0.050             55
   809          0.01022                         0.040             55
   810          0.00022                         0.050             55
   811          0.00022                         0.060             55
   812          0.01022                         0.070             55
   813          0.00022                         0.070             55
   814          0.00022                         0.080             55
   815          0.00022                         0.070             55
   816          0.00022                         0.050             55
   817          0.00022                         0.070             55
   818          0.00022                         0.050             55
   819          0.01022                         0.050             55
   820          0.00022                         0.040             55
   821          0.00022                         0.070             55
   822          0.00022                         0.040             55
   823          0.01022                         0.040             55
   824          0.00022                         0.060             55
   825          0.00022                         0.060             55
   826          0.00022                         0.050             55
   827          0.00022                         0.050             55
   828          0.00022                         0.060             55
   829          0.00022                         0.040             55
   830          0.00022                         0.040             55
   831          0.00022                         0.040             55
   832          0.00022                         0.090             55
   833          0.00022                         0.060             55
   834          0.00022                         0.060             55
   835          0.00022                         0.060             55
   836          0.00022                         0.060             55
   837          0.00022                         0.050             55
   838          0.00022                         0.050             55
   839          0.00022                         0.040             55
   840          0.00022                         0.060             55
   841          0.00022                         0.090             55
   842          0.00022                         0.070             55
   843          0.00022                         0.040             55
   844          0.00022                         0.040             55
   845          0.00022                         0.050             55
   846          0.00022                         0.040             55
   847          0.00022                         0.050             55
   848          0.00022                         0.050             55
   849          0.00022                         0.070             55
   850          0.01022                         0.090             55
   851          0.00022                         0.050             55
   852          0.01022                         0.050             55
   853          0.00022                         0.040             55
   854          0.01022                         0.070             55
   855          0.00022                         0.050             55
   856          0.00022                         0.060             55
   857          0.00022                         0.070             55
   858          0.00022                         0.040             55
   859          0.00022                         0.040             55
   860          0.01022                         0.060             55
   861          0.00022                         0.050             55
   862          0.00022                         0.030             55
   863          0.01022                         0.030             55
   864          0.01022                         0.050             55
   865          0.01022                         0.040             55
   866          0.01022                         0.040             55
   867          0.00022                         0.040             55
   868          0.00022                         0.050             55
   869          0.00022                         0.050             55
   870          0.01022                         0.030             55
   871          0.00022                         0.040             55
   872          0.01022                         0.050             55
   873          0.00022                         0.040             55
   874          0.00022                         0.050             55
   875          0.00022                         0.060             55
   876          0.00022                         0.040             55
   877          0.00022                         0.040             55
   878          0.00022                         0.040             55
   879          0.00022                         0.040             55
   880          0.01022                         0.030             55
   881          0.01022                         0.040             55
   882          0.00022                         0.040             55
   883          0.00022                         0.040             55
   884          0.00022                         0.030             55
   885          0.00022                         0.050             55
   886          0.00022                         0.040             55
   887          0.00022                         0.030             55
   888          0.00022                         0.030             55
   889          0.00022                         0.070             55
   890          0.00022                         0.040             55
   891          0.00022                         0.050             55
   892          0.00022                         0.050             55
   893          0.00022                         0.040             55
   894          0.01022                         0.030             55
   895          0.01022                         0.030             55
   896          0.01022                         0.050             55
   897          0.00022                         0.040             55
   898          0.00022                         0.030             55
   899          0.00022                         0.030             55
   900          0.00022                         0.030             55
   901          0.00022                         0.040             55
   902          0.00022                         0.040             55
   903          0.00022                         0.030             55
   904          0.01022                         0.030             55
   905          0.01022                         0.030             55
   906          0.00022                         0.050             55
   907          0.00022                         0.040             55
   908          0.00022                         0.040             55
   909          0.01022                         0.040             55
   910          0.00022                         0.040             55
   911          0.00022                         0.040             55
   912          0.00022                         0.040             55
   913          0.00022                         0.040             55
   914          0.01022                         0.030             55
   915          0.00022                         0.030             55
   916          0.00022                         0.050             55
   917          0.00022                         0.030             55
   918          0.00022                         0.030             55
   919          0.00022                         0.040             55
   920          0.00022                         0.040             55
   921          0.01022                         0.030             55
   922          0.00022                         0.040             55
   923          0.00022                         0.040             55
   924          0.00022                         0.030             55
   925          0.01022                         0.030             55
   926          0.01022                         0.040             55
   927          0.00022                         0.030             55
   928          0.01022                         0.030             55
   929          0.00022                         0.040             55
   930          0.01022                         0.040             55
   931          0.00022                         0.020             55
   932          0.01022                         0.030             55
   933          0.00022                         0.040             55
   934          0.01022                         0.030             55
   935          0.00022                         0.040             55
   936          0.00022                         0.050             55
   937          0.00022                         0.030             55
   938          0.00022                         0.030             55
   939          0.00022                         0.030             55
   940          0.00022                         0.050             55
   941          0.00022                         0.040             55
   942          0.00022                         0.030             55
   943          0.01022                         0.030             55
   944          0.00022                         0.050             55
   945          0.00022                         0.030             55
   946          0.01022                         0.040             55
   947          0.00022                         0.040             55
   948          0.00022                         0.040             55
   949          0.00022                         0.040             55
   950          0.01022                         0.030             55
   951          0.00022                         0.040             55
   952          0.00022                         0.050             55
   953          0.00022                         0.060             55
   954          0.00022                         0.030             55
   955          0.00022                         0.040             55
   956          0.00022                         0.030             55
   957          0.00022                         0.030             55
   958          0.00022                         0.030             55
   959          0.00022                         0.050             55
   960          0.00022                         0.040             55
   961          0.00022                         0.030             55
   962          0.00022                         0.040             55
   963          0.00022                         0.040             55
   964          0.01022                         0.040             55
   965          0.00022                         0.040             55
   966          0.00022                         0.030             55
   967          0.01022                         0.040             55
   968          0.00022                         0.050             55
   969          0.00022                         0.060             55
   970          0.00022                         0.040             55
   971          0.00022                         0.060             55
   972          0.00022                         0.040             55
   973          0.00022                         0.040             55
   974          0.00022                         0.040             55
   975          0.00022                         0.040             55
   976          0.00022                         0.040             55
   977          0.00022                         0.040             55
   978          0.00022                         0.040             55
   979          0.00022                         0.040             55
   980          0.00022                         0.030             55
   981          0.00022                         0.030             55
   982          0.01022                         0.030             55
   983          0.00022                         0.030             55
   984          0.00022                         0.050             55
   985          0.00022                         0.060             55
   986          0.00022                         0.060             55
   987          0.00022                         0.040             55
   988          0.00022                         0.040             55
   989          0.00022                         0.060             55
   990          0.00022                         0.040             55
   991          0.01022                         0.040             55
   992          0.00022                         0.030             55
   993          0.01022                         0.030             55
   994          0.00022                         0.030             55
   995          0.01022                         0.040             55
   996          0.00022                         0.030             55
   997          0.00022                         0.040             55
   998          0.00022                         0.030             55
   999          0.00022                         0.040             55


Distribution Report 1 SNP(s) per model
	* Only models with a p-value < 0.050 are reported. 
           T         Statistical
Model   Statistic    Significance
   1       2.885       p < 0.001
  10       2.073       p < 0.001
   7       1.925       p < 0.001
   5       1.812       p < 0.001
   4       1.793       p < 0.001
   6       1.508       p < 0.001
   2       1.134       p < 0.001
   3       1.114       p < 0.001
   8       1.086       p < 0.001


Distribution Report 2 SNP(s) per model
	* Only models with a p-value < 0.050 are reported. 
               T         Statistical
   Model   Statistic    Significance
    5x10       9.747       p < 0.001
     1x7       3.757       p < 0.001
     4x8       3.389       p < 0.001
    7x10       3.345       p < 0.001
     1x3       3.312       p < 0.001
     1x8       3.206       p < 0.001
    1x10       3.190       p < 0.001
     5x8       3.170       p < 0.001
     1x9       3.151       p < 0.001
     1x5       3.130       p < 0.001
     1x4       3.101       p < 0.001
    2x10       3.087       p < 0.001
     4x6       2.991       p < 0.001
     1x6       2.885       p < 0.001
     3x8       2.878       p < 0.001
     5x7       2.829       p < 0.001
     3x4       2.817       p < 0.001
     4x9       2.801       p < 0.001
    4x10       2.799       p < 0.001
     3x7       2.787       p < 0.001
     1x2       2.769       p < 0.001
     6x7       2.758       p < 0.001
     4x5       2.744       p < 0.001
     7x8       2.687       p < 0.001
    8x10       2.635       p < 0.001
    9x10       2.533       p < 0.001
     2x5       2.520       p < 0.001
     5x6       2.490       p < 0.001
     2x7       2.354       p < 0.001
     3x5       2.304       p < 0.001
    6x10       2.286       p < 0.001
     6x9       2.219       p < 0.001
     5x9       2.215       p < 0.001
     2x4       2.210       p < 0.001
     4x7       2.198       p < 0.001
     2x6       2.035       p < 0.001
     2x9       2.034       p < 0.001
     6x8       2.014       p < 0.001
     2x3       1.996       p < 0.001
    3x10       1.951       p < 0.001
     7x9       1.924       p < 0.001
     8x9       1.890       p < 0.001
     3x9       1.871       p < 0.001
     3x6       1.571       p < 0.001


Top Model of the PDT Search:
       Model  T Statstic     p Value
           1      2.8846     p < 0.0010
        5x10      9.7468     p < 0.0010
