mdr-pdt: 1.1.4
Multifactor Dimensionality Reduction - Pedigree Disequilibrium TestVanderbilt University
Center for Human Genetics Research
Marylyn Ritchie & Eric Torstenson
Please forward any comments or errors to: mdr-pdt@chgr.mc.vanderbilt.edu

Configuration:
                                Data Source: [ExamplePedigree.ped]
                            Input File Type: Pedigree Format
                                             * Trios were expanded to valid
                                               DSPs where parental data was present
                    Value Denoting Affected: 2
                  Value Denoting Unaffected: 1
                     Total Individuals Seen: 600
   Total individuals to be used in analysis: 800
                            Affected Individuals: 400
                          Unaffected Individuals: 400
              Number of SNPS to be analyzed: 10
                                Results Log: Standard Out
                           Distribution Log: ExamplePedigree.mdrpdt.pdist
                               Pedigree Log: ExamplePedigree.mdrpdt.pedigree
                                 Model Size: 1-2
                          Permutation Tests: 1000
                      Permutation Test Seed: 1371
                             Analysis Style: Pedigree Analysis using PDT statistic
                            Risk Assessment: Based on 1.0 
  Searching
              Model      PDT T      Cls.
                 ID       Stat     Error
    ------------------------------------------------
                  1     2.8846     44.75%
               5x10     9.7468     26.25%


Model Details [ 1 ]
	    Affected:  50.00%		Unaffected:  50.00%
	Missing Data:   0.00%
           
Genotype Individuals      
                  1        A     U   TOT   Ratio
    ------------------------------------------------
                 1/1      84   104   188    0.81
                 1/2 *   226   184   410    1.23
                 2/2      90   112   202    0.80


Model Details [ 5x10 ]
	    Affected:  50.00%		Unaffected:  50.00%
	Missing Data:   0.00%
           
Genotype Individuals      
             5   10        A     U   TOT   Ratio
    ------------------------------------------------
           1/1   1/1       0    32    32    0.00
           1/1   1/2 *    91    52   143    1.75
           1/1   2/2       0    20    20    0.00
           1/2   1/1 *    98    44   142    2.23
           1/2   1/2       0    68    68    0.00
           1/2   2/2 *    98    54   152    1.81
           2/2   1/1       0    46    46    0.00
           2/2   1/2 *   113    60   173    1.88
           2/2   2/2       0    24    24    0.00
		*Indicates models that are determined to be High Risk

		 Heterozygote alleles are not necessarily ordered the
		 same as they were found in the original data



Pedigree Search of 55 : 55 completed in 0.06 seconds


Performing 1000 Permutation Tests:
Test #  Load Time (s)             Execution Time(s)    Models Seen
     0          0.000                         0.050             55
     1          0.000                         0.060             55
     2          0.000                         0.050             55
     3          0.010                         0.050             55
     4          0.000                         0.050             55
     5          0.010                         0.050             55
     6          0.000                         0.060             55
     7          0.000                         0.050             55
     8          0.000                         0.050             55
     9          0.000                         0.060             55
    10          0.000                         0.060             55
    11          0.000                         0.050             55
    12          0.000                         0.050             55
    13          0.000                         0.060             55
    14          0.000                         0.050             55
    15          0.000                         0.060             55
    16          0.000                         0.050             55
    17          0.000                         0.050             55
    18          0.000                         0.050             55
    19          0.010                         0.050             55
    20          0.000                         0.050             55
    21          0.000                         0.060             55
    22          0.000                         0.050             55
    23          0.000                         0.050             55
    24          0.000                         0.050             55
    25          0.000                         0.060             55
    26          0.000                         0.050             55
    27          0.000                         0.060             55
    28          0.000                         0.050             55
    29          0.000                         0.060             55
    30          0.000                         0.050             55
    31          0.000                         0.060             55
    32          0.000                         0.050             55
    33          0.000                         0.060             55
    34          0.000                         0.050             55
    35          0.000                         0.060             55
    36          0.000                         0.050             55
    37          0.000                         0.060             55
    38          0.000                         0.060             55
    39          0.000                         0.050             55
    40          0.000                         0.060             55
    41          0.000                         0.060             55
    42          0.000                         0.050             55
    43          0.000                         0.060             55
    44          0.000                         0.060             55
    45          0.000                         0.050             55
    46          0.000                         0.050             55
    47          0.010                         0.050             55
    48          0.000                         0.050             55
    49          0.010                         0.050             55
    50          0.000                         0.050             55
    51          0.000                         0.060             55
    52          0.000                         0.060             55
    53          0.000                         0.050             55
    54          0.000                         0.050             55
    55          0.010                         0.050             55
    56          0.000                         0.060             55
    57          0.000                         0.050             55
    58          0.010                         0.050             55
    59          0.000                         0.050             55
    60          0.000                         0.050             55
    61          0.010                         0.060             55
    62          0.000                         0.050             55
    63          0.000                         0.050             55
    64          0.000                         0.060             55
    65          0.000                         0.050             55
    66          0.000                         0.060             55
    67          0.000                         0.050             55
    68          0.010                         0.050             55
    69          0.000                         0.050             55
    70          0.000                         0.060             55
    71          0.000                         0.050             55
    72          0.000                         0.060             55
    73          0.000                         0.050             55
    74          0.010                         0.050             55
    75          0.000                         0.060             55
    76          0.000                         0.050             55
    77          0.010                         0.050             55
    78          0.000                         0.060             55
    79          0.000                         0.050             55
    80          0.000                         0.050             55
    81          0.010                         0.050             55
    82          0.000                         0.050             55
    83          0.000                         0.060             55
    84          0.000                         0.050             55
    85          0.000                         0.060             55
    86          0.000                         0.050             55
    87          0.010                         0.050             55
    88          0.000                         0.050             55
    89          0.010                         0.050             55
    90          0.000                         0.060             55
    91          0.000                         0.050             55
    92          0.000                         0.060             55
    93          0.000                         0.050             55
    94          0.000                         0.060             55
    95          0.000                         0.050             55
    96          0.000                         0.060             55
    97          0.000                         0.050             55
    98          0.010                         0.050             55
    99          0.000                         0.050             55
   100          0.010                         0.050             55
   101          0.000                         0.050             55
   102          0.010                         0.050             55
   103          0.000                         0.060             55
   104          0.000                         0.050             55
   105          0.000                         0.060             55
   106          0.000                         0.050             55
   107          0.000                         0.060             55
   108          0.000                         0.050             55
   109          0.000                         0.060             55
   110          0.000                         0.050             55
   111          0.000                         0.060             55
   112          0.000                         0.050             55
   113          0.000                         0.060             55
   114          0.000                         0.050             55
   115          0.000                         0.060             55
   116          0.000                         0.050             55
   117          0.000                         0.050             55
   118          0.000                         0.060             55
   119          0.000                         0.050             55
   120          0.010                         0.050             55
   121          0.000                         0.050             55
   122          0.010                         0.050             55
   123          0.000                         0.060             55
   124          0.000                         0.050             55
   125          0.000                         0.060             55
   126          0.000                         0.050             55
   127          0.000                         0.060             55
   128          0.000                         0.060             55
   129          0.000                         0.050             55
   130          0.000                         0.050             55
   131          0.000                         0.060             55
   132          0.000                         0.050             55
   133          0.010                         0.050             55
   134          0.000                         0.050             55
   135          0.010                         0.050             55
   136          0.000                         0.050             55
   137          0.000                         0.060             55
   138          0.000                         0.050             55
   139          0.010                         0.050             55
   140          0.000                         0.050             55
   141          0.000                         0.050             55
   142          0.010                         0.050             55
   143          0.000                         0.050             55
   144          0.000                         0.060             55
   145          0.000                         0.050             55
   146          0.010                         0.050             55
   147          0.010                         0.050             55
   148          0.000                         0.060             55
   149          0.010                         0.050             55
   150          0.000                         0.050             55
   151          0.000                         0.060             55
   152          0.000                         0.060             55
   153          0.000                         0.050             55
   154          0.000                         0.050             55
   155          0.010                         0.050             55
   156          0.000                         0.050             55
   157          0.010                         0.050             55
   158          0.000                         0.060             55
   159          0.000                         0.050             55
   160          0.000                         0.060             55
   161          0.000                         0.050             55
   162          0.010                         0.050             55
   163          0.000                         0.050             55
   164          0.010                         0.050             55
   165          0.000                         0.050             55
   166          0.000                         0.060             55
   167          0.000                         0.050             55
   168          0.010                         0.050             55
   169          0.000                         0.060             55
   170          0.000                         0.050             55
   171          0.000                         0.060             55
   172          0.000                         0.050             55
   173          0.000                         0.050             55
   174          0.010                         0.050             55
   175          0.000                         0.050             55
   176          0.000                         0.060             55
   177          0.000                         0.060             55
   178          0.000                         0.050             55
   179          0.000                         0.060             55
   180          0.000                         0.050             55
   181          0.000                         0.060             55
   182          0.000                         0.050             55
   183          0.000                         0.050             55
   184          0.010                         0.050             55
   185          0.000                         0.050             55
   186          0.000                         0.060             55
   187          0.000                         0.050             55
   188          0.000                         0.050             55
   189          0.010                         0.050             55
   190          0.000                         0.050             55
   191          0.000                         0.060             55
   192          0.010                         0.050             55
   193          0.000                         0.060             55
   194          0.000                         0.050             55
   195          0.000                         0.060             55
   196          0.000                         0.050             55
   197          0.000                         0.060             55
   198          0.000                         0.050             55
   199          0.000                         0.050             55
   200          0.010                         0.050             55
   201          0.000                         0.060             55
   202          0.000                         0.050             55
   203          0.000                         0.050             55
   204          0.000                         0.050             55
   205          0.010                         0.050             55
   206          0.000                         0.060             55
   207          0.000                         0.050             55
   208          0.000                         0.060             55
   209          0.000                         0.050             55
   210          0.010                         0.050             55
   211          0.000                         0.050             55
   212          0.010                         0.050             55
   213          0.000                         0.060             55
   214          0.000                         0.050             55
   215          0.010                         0.050             55
   216          0.000                         0.050             55
   217          0.010                         0.050             55
   218          0.000                         0.050             55
   219          0.010                         0.050             55
   220          0.000                         0.050             55
   221          0.000                         0.050             55
   222          0.000                         0.060             55
   223          0.000                         0.050             55
   224          0.010                         0.050             55
   225          0.000                         0.050             55
   226          0.010                         0.050             55
   227          0.000                         0.050             55
   228          0.010                         0.050             55
   229          0.000                         0.060             55
   230          0.000                         0.060             55
   231          0.000                         0.050             55
   232          0.000                         0.060             55
   233          0.000                         0.060             55
   234          0.000                         0.050             55
   235          0.000                         0.060             55
   236          0.000                         0.050             55
   237          0.000                         0.060             55
   238          0.000                         0.050             55
   239          0.000                         0.050             55
   240          0.010                         0.050             55
   241          0.000                         0.050             55
   242          0.000                         0.060             55
   243          0.000                         0.050             55
   244          0.000                         0.050             55
   245          0.000                         0.060             55
   246          0.000                         0.050             55
   247          0.000                         0.060             55
   248          0.000                         0.050             55
   249          0.000                         0.050             55
   250          0.000                         0.060             55
   251          0.000                         0.050             55
   252          0.000                         0.060             55
   253          0.000                         0.060             55
   254          0.000                         0.050             55
   255          0.000                         0.050             55
   256          0.010                         0.050             55
   257          0.000                         0.050             55
   258          0.000                         0.050             55
   259          0.010                         0.050             55
   260          0.000                         0.060             55
   261          0.000                         0.050             55
   262          0.000                         0.050             55
   263          0.000                         0.050             55
   264          0.010                         0.050             55
   265          0.000                         0.050             55
   266          0.000                         0.060             55
   267          0.000                         0.050             55
   268          0.000                         0.050             55
   269          0.000                         0.060             55
   270          0.000                         0.050             55
   271          0.000                         0.060             55
   272          0.000                         0.050             55
   273          0.000                         0.050             55
   274          0.010                         0.050             55
   275          0.000                         0.050             55
   276          0.010                         0.050             55
   277          0.000                         0.050             55
   278          0.000                         0.050             55
   279          0.000                         0.050             55
   280          0.010                         0.050             55
   281          0.000                         0.050             55
   282          0.010                         0.050             55
   283          0.000                         0.050             55
   284          0.000                         0.050             55
   285          0.010                         0.050             55
   286          0.000                         0.050             55
   287          0.000                         0.050             55
   288          0.000                         0.050             55
   289          0.000                         0.050             55
   290          0.000                         0.050             55
   291          0.010                         0.050             55
   292          0.000                         0.050             55
   293          0.000                         0.050             55
   294          0.000                         0.060             55
   295          0.000                         0.050             55
   296          0.000                         0.050             55
   297          0.010                         0.040             55
   298          0.020                         0.040             55
   299          0.010                         0.050             55
   300          0.000                         0.050             55
   301          0.000                         0.060             55
   302          0.000                         0.050             55
   303          0.000                         0.050             55
   304          0.000                         0.060             55
   305          0.000                         0.050             55
   306          0.000                         0.050             55
   307          0.000                         0.050             55
   308          0.000                         0.060             55
   309          0.000                         0.050             55
   310          0.000                         0.050             55
   311          0.000                         0.050             55
   312          0.010                         0.050             55
   313          0.000                         0.050             55
   314          0.000                         0.050             55
   315          0.000                         0.050             55
   316          0.010                         0.050             55
   317          0.000                         0.050             55
   318          0.000                         0.050             55
   319          0.010                         0.040             55
   320          0.000                         0.060             55
   321          0.000                         0.050             55
   322          0.000                         0.050             55
   323          0.000                         0.050             55
   324          0.000                         0.050             55
   325          0.000                         0.050             55
   326          0.000                         0.050             55
   327          0.010                         0.050             55
   328          0.000                         0.050             55
   329          0.000                         0.050             55
   330          0.000                         0.050             55
   331          0.000                         0.060             55
   332          0.000                         0.050             55
   333          0.000                         0.060             55
   334          0.000                         0.050             55
   335          0.000                         0.050             55
   336          0.000                         0.050             55
   337          0.000                         0.050             55
   338          0.010                         0.050             55
   339          0.000                         0.050             55
   340          0.000                         0.050             55
   341          0.000                         0.050             55
   342          0.000                         0.050             55
   343          0.000                         0.050             55
   344          0.000                         0.060             55
   345          0.000                         0.050             55
   346          0.000                         0.050             55
   347          0.000                         0.050             55
   348          0.000                         0.050             55
   349          0.000                         0.060             55
   350          0.000                         0.050             55
   351          0.000                         0.050             55
   352          0.000                         0.050             55
   353          0.000                         0.060             55
   354          0.000                         0.040             55
   355          0.010                         0.050             55
   356          0.000                         0.050             55
   357          0.000                         0.050             55
   358          0.000                         0.050             55
   359          0.010                         0.050             55
   360          0.000                         0.040             55
   361          0.010                         0.050             55
   362          0.000                         0.050             55
   363          0.000                         0.050             55
   364          0.000                         0.050             55
   365          0.010                         0.040             55
   366          0.000                         0.060             55
   367          0.000                         0.050             55
   368          0.000                         0.050             55
   369          0.010                         0.040             55
   370          0.010                         0.050             55
   371          0.000                         0.060             55
   372          0.000                         0.050             55
   373          0.000                         0.050             55
   374          0.010                         0.050             55
   375          0.010                         0.050             55
   376          0.000                         0.060             55
   377          0.000                         0.050             55
   378          0.000                         0.050             55
   379          0.000                         0.050             55
   380          0.010                         0.050             55
   381          0.000                         0.050             55
   382          0.000                         0.050             55
   383          0.000                         0.060             55
   384          0.000                         0.050             55
   385          0.000                         0.050             55
   386          0.000                         0.060             55
   387          0.000                         0.050             55
   388          0.000                         0.050             55
   389          0.000                         0.050             55
   390          0.000                         0.050             55
   391          0.000                         0.060             55
   392          0.000                         0.040             55
   393          0.010                         0.050             55
   394          0.000                         0.050             55
   395          0.000                         0.050             55
   396          0.000                         0.050             55
   397          0.000                         0.050             55
   398          0.000                         0.060             55
   399          0.000                         0.050             55
   400          0.000                         0.040             55
   401          0.010                         0.050             55
   402          0.000                         0.050             55
   403          0.000                         0.050             55
   404          0.010                         0.050             55
   405          0.000                         0.050             55
   406          0.000                         0.060             55
   407          0.000                         0.050             55
   408          0.000                         0.050             55
   409          0.000                         0.050             55
   410          0.010                         0.040             55
   411          0.000                         0.060             55
   412          0.000                         0.050             55
   413          0.000                         0.060             55
   414          0.000                         0.050             55
   415          0.000                         0.050             55
   416          0.000                         0.060             55
   417          0.000                         0.050             55
   418          0.000                         0.050             55
   419          0.000                         0.060             55
   420          0.000                         0.050             55
   421          0.000                         0.050             55
   422          0.000                         0.050             55
   423          0.010                         0.050             55
   424          0.000                         0.050             55
   425          0.000                         0.050             55
   426          0.000                         0.060             55
   427          0.000                         0.050             55
   428          0.000                         0.050             55
   429          0.000                         0.050             55
   430          0.010                         0.040             55
   431          0.010                         0.050             55
   432          0.000                         0.050             55
   433          0.000                         0.050             55
   434          0.000                         0.050             55
   435          0.000                         0.050             55
   436          0.000                         0.050             55
   437          0.000                         0.050             55
   438          0.000                         0.060             55
   439          0.000                         0.050             55
   440          0.000                         0.050             55
   441          0.010                         0.050             55
   442          0.000                         0.050             55
   443          0.000                         0.050             55
   444          0.000                         0.060             55
   445          0.000                         0.050             55
   446          0.000                         0.050             55
   447          0.000                         0.050             55
   448          0.000                         0.050             55
   449          0.000                         0.050             55
   450          0.000                         0.050             55
   451          0.000                         0.050             55
   452          0.000                         0.050             55
   453          0.000                         0.050             55
   454          0.000                         0.060             55
   455          0.000                         0.050             55
   456          0.000                         0.050             55
   457          0.000                         0.060             55
   458          0.000                         0.050             55
   459          0.000                         0.040             55
   460          0.010                         0.040             55
   461          0.010                         0.040             55
   462          0.010                         0.050             55
   463          0.000                         0.040             55
   464          0.000                         0.050             55
   465          0.010                         0.040             55
   466          0.000                         0.050             55
   467          0.000                         0.050             55
   468          0.010                         0.050             55
   469          0.000                         0.050             55
   470          0.000                         0.050             55
   471          0.000                         0.050             55
   472          0.000                         0.050             55
   473          0.000                         0.050             55
   474          0.010                         0.050             55
   475          0.000                         0.050             55
   476          0.000                         0.050             55
   477          0.010                         0.040             55
   478          0.010                         0.050             55
   479          0.000                         0.050             55
   480          0.000                         0.050             55
   481          0.000                         0.050             55
   482          0.000                         0.060             55
   483          0.000                         0.050             55
   484          0.000                         0.050             55
   485          0.000                         0.050             55
   486          0.010                         0.050             55
   487          0.000                         0.050             55
   488          0.000                         0.050             55
   489          0.000                         0.050             55
   490          0.000                         0.060             55
   491          0.000                         0.050             55
   492          0.000                         0.050             55
   493          0.000                         0.050             55
   494          0.000                         0.050             55
   495          0.000                         0.050             55
   496          0.000                         0.050             55
   497          0.000                         0.050             55
   498          0.000                         0.050             55
   499          0.000                         0.050             55
   500          0.000                         0.050             55
   501          0.000                         0.050             55
   502          0.010                         0.040             55
   503          0.010                         0.040             55
   504          0.010                         0.040             55
   505          0.010                         0.040             55
   506          0.000                         0.050             55
   507          0.010                         0.050             55
   508          0.000                         0.050             55
   509          0.000                         0.050             55
   510          0.000                         0.050             55
   511          0.000                         0.050             55
   512          0.000                         0.050             55
   513          0.000                         0.060             55
   514          0.000                         0.050             55
   515          0.000                         0.050             55
   516          0.000                         0.060             55
   517          0.000                         0.050             55
   518          0.000                         0.050             55
   519          0.000                         0.060             55
   520          0.000                         0.050             55
   521          0.000                         0.050             55
   522          0.010                         0.050             55
   523          0.000                         0.050             55
   524          0.000                         0.050             55
   525          0.000                         0.050             55
   526          0.000                         0.060             55
   527          0.000                         0.050             55
   528          0.000                         0.050             55
   529          0.000                         0.060             55
   530          0.000                         0.050             55
   531          0.000                         0.050             55
   532          0.000                         0.050             55
   533          0.000                         0.050             55
   534          0.000                         0.050             55
   535          0.010                         0.040             55
   536          0.010                         0.050             55
   537          0.000                         0.050             55
   538          0.010                         0.040             55
   539          0.010                         0.050             55
   540          0.000                         0.050             55
   541          0.000                         0.050             55
   542          0.000                         0.050             55
   543          0.010                         0.040             55
   544          0.000                         0.050             55
   545          0.010                         0.050             55
   546          0.000                         0.050             55
   547          0.000                         0.060             55
   548          0.000                         0.050             55
   549          0.000                         0.050             55
   550          0.000                         0.050             55
   551          0.000                         0.050             55
   552          0.000                         0.050             55
   553          0.010                         0.050             55
   554          0.000                         0.050             55
   555          0.000                         0.050             55
   556          0.000                         0.050             55
   557          0.000                         0.060             55
   558          0.000                         0.050             55
   559          0.000                         0.050             55
   560          0.000                         0.050             55
   561          0.000                         0.050             55
   562          0.000                         0.060             55
   563          0.000                         0.050             55
   564          0.000                         0.060             55
   565          0.000                         0.050             55
   566          0.000                         0.050             55
   567          0.010                         0.040             55
   568          0.010                         0.050             55
   569          0.000                         0.050             55
   570          0.000                         0.050             55
   571          0.000                         0.050             55
   572          0.000                         0.050             55
   573          0.000                         0.050             55
   574          0.000                         0.060             55
   575          0.000                         0.050             55
   576          0.000                         0.050             55
   577          0.010                         0.050             55
   578          0.000                         0.050             55
   579          0.000                         0.050             55
   580          0.000                         0.050             55
   581          0.010                         0.040             55
   582          0.010                         0.040             55
   583          0.000                         0.060             55
   584          0.000                         0.050             55
   585          0.000                         0.050             55
   586          0.000                         0.050             55
   587          0.010                         0.050             55
   588          0.000                         0.050             55
   589          0.000                         0.050             55
   590          0.000                         0.050             55
   591          0.010                         0.040             55
   592          0.010                         0.050             55
   593          0.000                         0.050             55
   594          0.000                         0.050             55
   595          0.010                         0.050             55
   596          0.000                         0.050             55
   597          0.000                         0.050             55
   598          0.000                         0.060             55
   599          0.000                         0.050             55
   600          0.000                         0.050             55
   601          0.000                         0.050             55
   602          0.000                         0.050             55
   603          0.000                         0.050             55
   604          0.000                         0.050             55
   605          0.010                         0.050             55
   606          0.000                         0.050             55
   607          0.000                         0.050             55
   608          0.000                         0.060             55
   609          0.000                         0.050             55
   610          0.010                         0.040             55
   611          0.010                         0.050             55
   612          0.000                         0.050             55
   613          0.000                         0.050             55
   614          0.000                         0.050             55
   615          0.000                         0.050             55
   616          0.000                         0.050             55
   617          0.000                         0.050             55
   618          0.000                         0.050             55
   619          0.000                         0.050             55
   620          0.000                         0.060             55
   621          0.000                         0.050             55
   622          0.000                         0.060             55
   623          0.000                         0.050             55
   624          0.000                         0.050             55
   625          0.010                         0.050             55
   626          0.000                         0.050             55
   627          0.000                         0.050             55
   628          0.000                         0.050             55
   629          0.000                         0.050             55
   630          0.010                         0.040             55
   631          0.010                         0.040             55
   632          0.010                         0.050             55
   633          0.000                         0.050             55
   634          0.000                         0.050             55
   635          0.000                         0.050             55
   636          0.000                         0.050             55
   637          0.000                         0.050             55
   638          0.010                         0.050             55
   639          0.000                         0.050             55
   640          0.000                         0.050             55
   641          0.000                         0.050             55
   642          0.000                         0.060             55
   643          0.000                         0.050             55
   644          0.000                         0.050             55
   645          0.000                         0.060             55
   646          0.000                         0.050             55
   647          0.000                         0.050             55
   648          0.010                         0.050             55
   649          0.010                         0.050             55
   650          0.010                         0.050             55
   651          0.000                         0.050             55
   652          0.010                         0.050             55
   653          0.000                         0.050             55
   654          0.000                         0.050             55
   655          0.000                         0.050             55
   656          0.010                         0.050             55
   657          0.000                         0.050             55
   658          0.000                         0.050             55
   659          0.000                         0.050             55
   660          0.010                         0.040             55
   661          0.010                         0.050             55
   662          0.000                         0.050             55
   663          0.000                         0.050             55
   664          0.000                         0.050             55
   665          0.000                         0.050             55
   666          0.010                         0.040             55
   667          0.000                         0.050             55
   668          0.010                         0.050             55
   669          0.000                         0.050             55
   670          0.000                         0.050             55
   671          0.010                         0.040             55
   672          0.000                         0.050             55
   673          0.000                         0.050             55
   674          0.010                         0.050             55
   675          0.000                         0.050             55
   676          0.000                         0.050             55
   677          0.000                         0.050             55
   678          0.000                         0.050             55
   679          0.000                         0.050             55
   680          0.000                         0.050             55
   681          0.000                         0.040             55
   682          0.010                         0.040             55
   683          0.000                         0.060             55
   684          0.000                         0.050             55
   685          0.000                         0.050             55
   686          0.000                         0.050             55
   687          0.000                         0.050             55
   688          0.000                         0.040             55
   689          0.010                         0.050             55
   690          0.000                         0.050             55
   691          0.000                         0.060             55
   692          0.000                         0.050             55
   693          0.010                         0.050             55
   694          0.000                         0.050             55
   695          0.000                         0.050             55
   696          0.000                         0.060             55
   697          0.000                         0.050             55
   698          0.000                         0.060             55
   699          0.000                         0.050             55
   700          0.000                         0.050             55
   701          0.010                         0.050             55
   702          0.000                         0.050             55
   703          0.000                         0.050             55
   704          0.000                         0.050             55
   705          0.000                         0.050             55
   706          0.000                         0.050             55
   707          0.010                         0.050             55
   708          0.000                         0.050             55
   709          0.000                         0.050             55
   710          0.000                         0.050             55
   711          0.000                         0.050             55
   712          0.000                         0.050             55
   713          0.010                         0.050             55
   714          0.000                         0.050             55
   715          0.000                         0.050             55
   716          0.000                         0.050             55
   717          0.000                         0.050             55
   718          0.000                         0.050             55
   719          0.000                         0.050             55
   720          0.010                         0.050             55
   721          0.000                         0.050             55
   722          0.000                         0.050             55
   723          0.000                         0.060             55
   724          0.000                         0.050             55
   725          0.000                         0.050             55
   726          0.010                         0.050             55
   727          0.000                         0.050             55
   728          0.000                         0.050             55
   729          0.000                         0.050             55
   730          0.000                         0.050             55
   731          0.000                         0.050             55
   732          0.010                         0.050             55
   733          0.000                         0.050             55
   734          0.000                         0.060             55
   735          0.000                         0.050             55
   736          0.000                         0.050             55
   737          0.010                         0.050             55
   738          0.000                         0.050             55
   739          0.000                         0.050             55
   740          0.000                         0.050             55
   741          0.010                         0.050             55
   742          0.000                         0.050             55
   743          0.000                         0.060             55
   744          0.000                         0.050             55
   745          0.000                         0.050             55
   746          0.000                         0.060             55
   747          0.000                         0.050             55
   748          0.000                         0.050             55
   749          0.000                         0.050             55
   750          0.000                         0.060             55
   751          0.000                         0.050             55
   752          0.000                         0.050             55
   753          0.010                         0.050             55
   754          0.000                         0.050             55
   755          0.000                         0.050             55
   756          0.000                         0.060             55
   757          0.000                         0.050             55
   758          0.000                         0.050             55
   759          0.000                         0.040             55
   760          0.010                         0.050             55
   761          0.000                         0.050             55
   762          0.000                         0.050             55
   763          0.000                         0.050             55
   764          0.010                         0.040             55
   765          0.000                         0.050             55
   766          0.010                         0.060             55
   767          0.000                         0.050             55
   768          0.000                         0.050             55
   769          0.000                         0.050             55
   770          0.000                         0.050             55
   771          0.000                         0.050             55
   772          0.010                         0.050             55
   773          0.000                         0.050             55
   774          0.000                         0.050             55
   775          0.000                         0.060             55
   776          0.000                         0.050             55
   777          0.000                         0.050             55
   778          0.000                         0.050             55
   779          0.000                         0.050             55
   780          0.000                         0.050             55
   781          0.010                         0.040             55
   782          0.010                         0.050             55
   783          0.000                         0.050             55
   784          0.000                         0.050             55
   785          0.010                         0.050             55
   786          0.000                         0.050             55
   787          0.000                         0.050             55
   788          0.000                         0.050             55
   789          0.010                         0.050             55
   790          0.000                         0.050             55
   791          0.000                         0.050             55
   792          0.010                         0.050             55
   793          0.000                         0.050             55
   794          0.000                         0.050             55
   795          0.010                         0.050             55
   796          0.000                         0.050             55
   797          0.000                         0.050             55
   798          0.000                         0.050             55
   799          0.000                         0.050             55
   800          0.000                         0.050             55
   801          0.000                         0.050             55
   802          0.010                         0.050             55
   803          0.000                         0.050             55
   804          0.000                         0.050             55
   805          0.010                         0.040             55
   806          0.010                         0.050             55
   807          0.000                         0.050             55
   808          0.010                         0.050             55
   809          0.000                         0.050             55
   810          0.000                         0.050             55
   811          0.010                         0.040             55
   812          0.010                         0.050             55
   813          0.000                         0.050             55
   814          0.000                         0.050             55
   815          0.000                         0.050             55
   816          0.000                         0.050             55
   817          0.000                         0.050             55
   818          0.010                         0.040             55
   819          0.010                         0.040             55
   820          0.010                         0.050             55
   821          0.000                         0.040             55
   822          0.010                         0.040             55
   823          0.010                         0.040             55
   824          0.000                         0.060             55
   825          0.000                         0.050             55
   826          0.000                         0.060             55
   827          0.000                         0.050             55
   828          0.000                         0.050             55
   829          0.000                         0.050             55
   830          0.010                         0.040             55
   831          0.010                         0.050             55
   832          0.000                         0.050             55
   833          0.000                         0.050             55
   834          0.000                         0.050             55
   835          0.000                         0.050             55
   836          0.010                         0.050             55
   837          0.000                         0.050             55
   838          0.000                         0.050             55
   839          0.010                         0.040             55
   840          0.010                         0.050             55
   841          0.000                         0.050             55
   842          0.000                         0.050             55
   843          0.000                         0.050             55
   844          0.010                         0.050             55
   845          0.000                         0.050             55
   846          0.000                         0.050             55
   847          0.000                         0.050             55
   848          0.000                         0.050             55
   849          0.000                         0.050             55
   850          0.000                         0.050             55
   851          0.010                         0.050             55
   852          0.000                         0.050             55
   853          0.000                         0.050             55
   854          0.000                         0.050             55
   855          0.000                         0.050             55
   856          0.010                         0.050             55
   857          0.000                         0.050             55
   858          0.000                         0.050             55
   859          0.000                         0.050             55
   860          0.000                         0.050             55
   861          0.000                         0.050             55
   862          0.000                         0.060             55
   863          0.000                         0.050             55
   864          0.000                         0.060             55
   865          0.000                         0.050             55
   866          0.000                         0.050             55
   867          0.000                         0.050             55
   868          0.000                         0.050             55
   869          0.010                         0.050             55
   870          0.000                         0.050             55
   871          0.000                         0.050             55
   872          0.010                         0.050             55
   873          0.000                         0.050             55
   874          0.000                         0.060             55
   875          0.000                         0.050             55
   876          0.010                         0.040             55
   877          0.000                         0.050             55
   878          0.010                         0.040             55
   879          0.010                         0.050             55
   880          0.000                         0.050             55
   881          0.000                         0.050             55
   882          0.000                         0.050             55
   883          0.000                         0.050             55
   884          0.000                         0.050             55
   885          0.010                         0.050             55
   886          0.000                         0.050             55
   887          0.000                         0.040             55
   888          0.010                         0.040             55
   889          0.010                         0.050             55
   890          0.000                         0.050             55
   891          0.000                         0.050             55
   892          0.000                         0.050             55
   893          0.010                         0.040             55
   894          0.010                         0.050             55
   895          0.000                         0.050             55
   896          0.000                         0.040             55
   897          0.010                         0.040             55
   898          0.000                         0.060             55
   899          0.000                         0.050             55
   900          0.000                         0.050             55
   901          0.000                         0.050             55
   902          0.010                         0.050             55
   903          0.000                         0.050             55
   904          0.000                         0.050             55
   905          0.010                         0.050             55
   906          0.000                         0.060             55
   907          0.000                         0.050             55
   908          0.000                         0.050             55
   909          0.000                         0.050             55
   910          0.000                         0.050             55
   911          0.010                         0.050             55
   912          0.000                         0.050             55
   913          0.000                         0.050             55
   914          0.010                         0.040             55
   915          0.010                         0.050             55
   916          0.000                         0.050             55
   917          0.000                         0.050             55
   918          0.000                         0.050             55
   919          0.010                         0.050             55
   920          0.000                         0.050             55
   921          0.000                         0.050             55
   922          0.000                         0.050             55
   923          0.010                         0.050             55
   924          0.000                         0.050             55
   925          0.010                         0.050             55
   926          0.000                         0.050             55
   927          0.000                         0.060             55
   928          0.000                         0.050             55
   929          0.000                         0.060             55
   930          0.000                         0.050             55
   931          0.000                         0.050             55
   932          0.000                         0.060             55
   933          0.000                         0.050             55
   934          0.000                         0.050             55
   935          0.000                         0.050             55
   936          0.000                         0.060             55
   937          0.000                         0.050             55
   938          0.000                         0.050             55
   939          0.000                         0.050             55
   940          0.000                         0.060             55
   941          0.000                         0.050             55
   942          0.000                         0.050             55
   943          0.000                         0.050             55
   944          0.000                         0.050             55
   945          0.000                         0.050             55
   946          0.000                         0.050             55
   947          0.010                         0.050             55
   948          0.000                         0.050             55
   949          0.010                         0.050             55
   950          0.000                         0.050             55
   951          0.000                         0.050             55
   952          0.000                         0.050             55
   953          0.000                         0.050             55
   954          0.000                         0.050             55
   955          0.010                         0.050             55
   956          0.000                         0.050             55
   957          0.000                         0.050             55
   958          0.000                         0.060             55
   959          0.000                         0.050             55
   960          0.000                         0.050             55
   961          0.000                         0.050             55
   962          0.000                         0.050             55
   963          0.000                         0.050             55
   964          0.000                         0.050             55
   965          0.010                         0.050             55
   966          0.000                         0.050             55
   967          0.000                         0.050             55
   968          0.000                         0.050             55
   969          0.010                         0.050             55
   970          0.000                         0.050             55
   971          0.000                         0.050             55
   972          0.010                         0.050             55
   973          0.000                         0.050             55
   974          0.000                         0.050             55
   975          0.000                         0.050             55
   976          0.000                         0.050             55
   977          0.000                         0.050             55
   978          0.000                         0.050             55
   979          0.010                         0.050             55
   980          0.000                         0.050             55
   981          0.000                         0.050             55
   982          0.000                         0.060             55
   983          0.000                         0.050             55
   984          0.000                         0.050             55
   985          0.000                         0.050             55
   986          0.000                         0.060             55
   987          0.000                         0.050             55
   988          0.000                         0.050             55
   989          0.010                         0.050             55
   990          0.000                         0.050             55
   991          0.000                         0.050             55
   992          0.000                         0.050             55
   993          0.010                         0.050             55
   994          0.000                         0.050             55
   995          0.010                         0.050             55
   996          0.000                         0.050             55
   997          0.000                         0.060             55
   998          0.000                         0.050             55
   999          0.000                         0.050             55


Distribution Report 1 SNP(s) per model
	* Only models with a p-value < 0.050 are reported. 
           T         Statistical
Model   Statistic    Significance
  None found


Distribution Report 2 SNP(s) per model
	* Only models with a p-value < 0.050 are reported. 
               T         Statistical
   Model   Statistic    Significance
    5x10       9.747       p < 0.001


Top Model of the PDT Search:
Model
Size	       Model  T Statstic     p Value
1	           1      2.8846     p < 0.0980
2	        5x10      9.7468     p < 0.0010
